<?xml version="1.0" encoding="UTF-8"?>
<testsuite xmlns:xsi="http://www.w3.org/2001/XMLSchema-instance" xsi:noNamespaceSchemaLocation="https://maven.apache.org/surefire/maven-surefire-plugin/xsd/surefire-test-report-3.0.xsd" version="3.0" name="com.example.stockmanager.service.StockServiceTest" time="0.017" tests="1" errors="0" skipped="0" failures="0">
  <properties>
[...]
</properties>
  <testcase name="getDailySummary" classname="com.example.stockmanager.service.StockServiceTest" time="0.003">
    <system-out><![CDATA[2024-10-29T22:59:16.983+09:00  INFO 28874 --- [StockManager] [           main] t.c.s.AnnotationConfigContextLoaderUtils : Could not detect default configuration classes for test class [com.example.stockmanager.service.StockServiceTest]: StockServiceTest does not declare any static, non-private, non-final, nested classes annotated with @Configuration.
2024-10-29T22:59:16.987+09:00  INFO 28874 --- [StockManager] [           main] .b.t.c.SpringBootTestContextBootstrapper : Found @SpringBootConfiguration com.example.stockmanager.StockManagerApplication for test class com.example.stockmanager.service.StockServiceTest
]]></system-out>
  </testcase>
</testsuite>